<?xml version="1.0" encoding="UTF-8"?>
<!-- Generated by org.testng.reporters.JUnitReportReporter -->
<testsuite hostname="DESKTOP-5EVK54D" failures="0" tests="1" name="sendrequestoptions.SendingAsAMap" time="10.800" errors="0" timestamp="2023-06-28T05:38:10 IST" skipped="0">
  <testcase classname="sendrequestoptions.SendingAsAMap" name="createWorkspaces" time="10.800"/>
  <system-out/>
</testsuite> <!-- sendrequestoptions.SendingAsAMap -->
