<?xml version="1.0" encoding="UTF-8"?>
<!-- Generated by org.testng.reporters.JUnitReportReporter -->
<testsuite hostname="DESKTOP-5EVK54D" failures="0" tests="1" name="sendrequestoptions.ComplexJsonValidation" time="5.181" errors="0" timestamp="2023-06-29T08:39:25 IST" skipped="0">
  <testcase classname="sendrequestoptions.ComplexJsonValidation" name="validateComplexJSON" time="5.181"/>
  <system-out/>
</testsuite> <!-- sendrequestoptions.ComplexJsonValidation -->
