<?xml version="1.0" encoding="UTF-8"?>
<!-- Generated by org.testng.reporters.JUnitReportReporter -->
<testsuite hostname="DESKTOP-5EVK54D" failures="0" tests="1" name="basics.GetDataFromJson" time="6.008" errors="0" timestamp="2023-04-23T08:01:55 IST" skipped="0">
  <testcase classname="basics.GetDataFromJson" name="getUsers" time="6.008"/>
  <system-out/>
</testsuite> <!-- basics.GetDataFromJson -->
