<?xml version="1.0" encoding="UTF-8"?>
<!-- Generated by org.testng.reporters.JUnitReportReporter -->
<testsuite hostname="DESKTOP-5EVK54D" failures="0" tests="3" name="com.spotify.oath2.testsframework.PlaylistAllAPIWithReusableCalls" time="6.961" errors="0" timestamp="2023-07-12T11:29:22 IST" skipped="0">
  <testcase classname="com.spotify.oath2.testsframework.PlaylistAllAPIWithReusableCalls" name="createPlayList" time="5.843"/>
  <system-out/>
  <testcase classname="com.spotify.oath2.testsframework.PlaylistAllAPIWithReusableCalls" name="updatePlaylist" time="0.554"/>
  <system-out/>
  <testcase classname="com.spotify.oath2.testsframework.PlaylistAllAPIWithReusableCalls" name="GetAPlaylist" time="0.564"/>
  <system-out/>
</testsuite> <!-- com.spotify.oath2.testsframework.PlaylistAllAPIWithReusableCalls -->
