<?xml version="1.0" encoding="UTF-8"?>
<!-- Generated by org.testng.reporters.JUnitReportReporter -->
<testsuite hostname="DESKTOP-5EVK54D" failures="0" tests="1" name="com.spotify.oath2.tests.CreatePlaylist" time="3.520" errors="0" timestamp="2023-07-11T23:18:15 IST" skipped="0">
  <testcase classname="com.spotify.oath2.tests.CreatePlaylist" name="createPlayList" time="3.520"/>
  <system-out/>
</testsuite> <!-- com.spotify.oath2.tests.CreatePlaylist -->
