<?xml version="1.0" encoding="UTF-8"?>
<!-- Generated by org.testng.reporters.JUnitReportReporter -->
<testsuite hostname="DESKTOP-5EVK54D" failures="0" tests="1" name="serializationanddeserialization.CreateUser" time="8.064" errors="0" timestamp="2023-04-26T07:46:32 IST" skipped="0">
  <testcase classname="serializationanddeserialization.CreateUser" name="createUserOfApp" time="8.064"/>
  <system-out/>
</testsuite> <!-- serializationanddeserialization.CreateUser -->
