<?xml version="1.0" encoding="UTF-8"?>
<!-- Generated by org.testng.reporters.JUnitReportReporter -->
<testsuite hostname="DESKTOP-5EVK54D" failures="0" tests="1" name="basictest.PATCH_Request" time="3.741" errors="0" timestamp="2023-06-22T06:18:05 IST" skipped="0">
  <testcase classname="basictest.PATCH_Request" name="getAllAPI" time="3.741"/>
  <system-out/>
</testsuite> <!-- basictest.PATCH_Request -->
