<?xml version="1.0" encoding="UTF-8"?>
<!-- Generated by org.testng.reporters.JUnitReportReporter -->
<testsuite hostname="DESKTOP-5EVK54D" failures="0" tests="1" name="basictest.PATCH_Request" time="4.519" errors="0" timestamp="2023-06-24T06:24:07 IST" skipped="0">
  <testcase classname="basictest.PATCH_Request" name="getAllAPI" time="4.519"/>
  <system-out/>
</testsuite> <!-- basictest.PATCH_Request -->
