<?xml version="1.0" encoding="UTF-8"?>
<!-- Generated by org.testng.reporters.JUnitReportReporter -->
<testsuite hostname="DESKTOP-5EVK54D" failures="0" tests="2" name="com.spotify.oath2.tests.NegativeScenarios" time="4.439" errors="0" timestamp="2023-07-11T23:35:22 IST" skipped="0">
  <testcase classname="com.spotify.oath2.tests.NegativeScenarios" name="shouldNotBeAuthorized" time="0.277"/>
  <system-out/>
  <testcase classname="com.spotify.oath2.tests.NegativeScenarios" name="shouldNotBeAbleToCreatePlayList" time="4.162"/>
  <system-out/>
</testsuite> <!-- com.spotify.oath2.tests.NegativeScenarios -->
