<?xml version="1.0" encoding="UTF-8"?>
<!-- Generated by org.testng.reporters.JUnitReportReporter -->
<testsuite hostname="DESKTOP-5EVK54D" failures="0" tests="1" name="githubrepo.GetAllRepo" time="3.888" errors="0" timestamp="2023-07-05T06:00:05 IST" skipped="0">
  <testcase classname="githubrepo.GetAllRepo" name="basicAuthForPostman" time="3.888"/>
  <system-out/>
</testsuite> <!-- githubrepo.GetAllRepo -->
