<?xml version="1.0" encoding="UTF-8"?>
<!-- Generated by org.testng.reporters.JUnitReportReporter -->
<testsuite hostname="DESKTOP-5EVK54D" failures="0" tests="1" name="requestspecandresponsespec.ReqResBuilder" time="4.201" errors="0" timestamp="2023-06-27T06:55:46 IST" skipped="0">
  <testcase classname="requestspecandresponsespec.ReqResBuilder" name="getUsers" time="4.201"/>
  <system-out/>
</testsuite> <!-- requestspecandresponsespec.ReqResBuilder -->
