<?xml version="1.0" encoding="UTF-8"?>
<!-- Generated by org.testng.reporters.JUnitReportReporter -->
<testsuite hostname="DESKTOP-5EVK54D" failures="0" tests="2" name="spotifyapis.GET_PlayList" time="4.613" errors="0" timestamp="2023-07-07T06:42:29 IST" skipped="0">
  <testcase classname="spotifyapis.GET_PlayList" name="fetchUserID" time="4.080"/>
  <system-out/>
  <testcase classname="spotifyapis.GET_PlayList" name="GetAPlaylist" time="0.533"/>
  <system-out/>
</testsuite> <!-- spotifyapis.GET_PlayList -->
