<?xml version="1.0" encoding="UTF-8"?>
<!-- Generated by org.testng.reporters.JUnitReportReporter -->
<testsuite hostname="DESKTOP-5EVK54D" failures="0" tests="1" name="basics.Get_ListUsers" time="4.024" errors="0" timestamp="2023-04-23T07:19:05 IST" skipped="0">
  <testcase classname="basics.Get_ListUsers" name="getUsers" time="4.024"/>
  <system-out/>
</testsuite> <!-- basics.Get_ListUsers -->
