<?xml version="1.0" encoding="UTF-8"?>
<!-- Generated by org.testng.reporters.JUnitReportReporter -->
<testsuite hostname="DESKTOP-5EVK54D" failures="0" tests="1" name="basictest.GET_Request" time="4.491" errors="0" timestamp="2023-06-21T22:52:18 IST" skipped="0">
  <testcase classname="basictest.GET_Request" name="getUsers" time="4.491"/>
  <system-out/>
</testsuite> <!-- basictest.GET_Request -->
