<?xml version="1.0" encoding="UTF-8"?>
<!-- Generated by org.testng.reporters.JUnitReportReporter -->
<testsuite hostname="DESKTOP-5EVK54D" failures="0" tests="1" name="spotifyapis.CreatePlaylist" time="3.029" errors="0" timestamp="2023-07-05T23:49:37 IST" skipped="0">
  <testcase classname="spotifyapis.CreatePlaylist" name="createPlayList" time="3.029"/>
  <system-out/>
</testsuite> <!-- spotifyapis.CreatePlaylist -->
