<?xml version="1.0" encoding="UTF-8"?>
<!-- Generated by org.testng.reporters.JUnitReportReporter -->
<testsuite hostname="DESKTOP-5EVK54D" failures="0" tests="2" name="spotifyapis.NegativeScenarios" time="4.236" errors="0" timestamp="2023-07-09T06:34:44 IST" skipped="0">
  <testcase classname="spotifyapis.NegativeScenarios" name="shouldNotBeAuthorized" time="0.390"/>
  <system-out/>
  <testcase classname="spotifyapis.NegativeScenarios" name="shouldNotBeAbleToCreatePlayList" time="3.846"/>
  <system-out/>
</testsuite> <!-- spotifyapis.NegativeScenarios -->
