<?xml version="1.0" encoding="UTF-8"?>
<!-- Generated by org.testng.reporters.JUnitReportReporter -->
<testsuite hostname="DESKTOP-5EVK54D" failures="0" tests="1" name="basictest.GET_Request" time="4.453" errors="0" timestamp="2023-06-26T05:57:18 IST" skipped="0">
  <testcase classname="basictest.GET_Request" name="getUsers" time="4.453"/>
  <system-out/>
</testsuite> <!-- basictest.GET_Request -->
