<?xml version="1.0" encoding="UTF-8"?>
<!-- Generated by org.testng.reporters.JUnitReportReporter -->
<testsuite hostname="DESKTOP-5EVK54D" failures="0" tests="1" name="basics.FetchDataFromJsonPAthClass" time="5.500" errors="0" timestamp="2023-04-24T07:25:40 IST" skipped="0">
  <testcase classname="basics.FetchDataFromJsonPAthClass" name="getValue" time="5.500"/>
  <system-out/>
</testsuite> <!-- basics.FetchDataFromJsonPAthClass -->
