<?xml version="1.0" encoding="UTF-8"?>
<!-- Generated by org.testng.reporters.JUnitReportReporter -->
<testsuite hostname="DESKTOP-5EVK54D" failures="0" tests="1" name="githubrepo.Create_Repo_POST" time="4.666" errors="0" timestamp="2023-07-05T06:02:50 IST" skipped="0">
  <testcase classname="githubrepo.Create_Repo_POST" name="basicAuthForPostman" time="4.666"/>
  <system-out/>
</testsuite> <!-- githubrepo.Create_Repo_POST -->
