<?xml version="1.0" encoding="UTF-8"?>
<!-- Generated by org.testng.reporters.JUnitReportReporter -->
<testsuite hostname="DESKTOP-5EVK54D" failures="0" tests="1" name="basictest.DELETE_Request" time="4.698" errors="0" timestamp="2023-06-22T05:51:16 IST" skipped="0">
  <testcase classname="basictest.DELETE_Request" name="deleteWorkspaces" time="4.698"/>
  <system-out/>
</testsuite> <!-- basictest.DELETE_Request -->
