<?xml version="1.0" encoding="UTF-8"?>
<!-- Generated by org.testng.reporters.JUnitReportReporter -->
<testsuite hostname="DESKTOP-5EVK54D" failures="0" tests="1" name="basics.GetValuesFromReadyMadeJson" time="3.402" errors="0" timestamp="2023-04-24T07:33:41 IST" skipped="0">
  <testcase classname="basics.GetValuesFromReadyMadeJson" name="practiceJson" time="3.402"/>
  <system-out/>
</testsuite> <!-- basics.GetValuesFromReadyMadeJson -->
