<?xml version="1.0" encoding="UTF-8"?>
<!-- Generated by org.testng.reporters.JUnitReportReporter -->
<testsuite hostname="DESKTOP-5EVK54D" failures="0" tests="1" name="sendrequestoptions.POST_Request" time="4.182" errors="0" timestamp="2023-06-28T08:35:04 IST" skipped="0">
  <testcase classname="sendrequestoptions.POST_Request" name="sendPostReq" time="4.182"/>
  <system-out/>
</testsuite> <!-- sendrequestoptions.POST_Request -->
