<?xml version="1.0" encoding="UTF-8"?>
<!-- Generated by org.testng.reporters.JUnitReportReporter -->
<testsuite hostname="DESKTOP-5EVK54D" failures="0" tests="1" name="authenticationschemes.BearerToken" time="4.923" errors="0" timestamp="2023-07-03T06:06:27 IST" skipped="0">
  <testcase classname="authenticationschemes.BearerToken" name="basicAuthForPostman" time="4.923"/>
  <system-out/>
</testsuite> <!-- authenticationschemes.BearerToken -->
