<?xml version="1.0" encoding="UTF-8"?>
<!-- Generated by org.testng.reporters.JUnitReportReporter -->
<testsuite hostname="DESKTOP-5EVK54D" failures="0" tests="1" name="parameters.QueryParameters" time="3.521" errors="0" timestamp="2023-06-29T09:07:04 IST" skipped="0">
  <testcase classname="parameters.QueryParameters" name="getUsers" time="3.521"/>
  <system-out/>
</testsuite> <!-- parameters.QueryParameters -->
