<?xml version="1.0" encoding="UTF-8"?>
<!-- Generated by org.testng.reporters.JUnitReportReporter -->
<testsuite hostname="DESKTOP-5EVK54D" failures="0" tests="1" name="ecom.LoginPage" time="6.993" errors="0" timestamp="2023-04-30T07:33:50 IST" skipped="0">
  <testcase classname="ecom.LoginPage" name="loginToApp" time="6.993"/>
  <system-out/>
</testsuite> <!-- ecom.LoginPage -->
