<?xml version="1.0" encoding="UTF-8"?>
<!-- Generated by org.testng.reporters.JUnitReportReporter -->
<testsuite hostname="DESKTOP-5EVK54D" failures="0" tests="1" name="authenticationschemes.BasicAuthenticationTest" time="9.827" errors="0" timestamp="2023-07-02T18:11:41 IST" skipped="0">
  <testcase classname="authenticationschemes.BasicAuthenticationTest" name="basicAuthForPostman" time="9.827"/>
  <system-out/>
</testsuite> <!-- authenticationschemes.BasicAuthenticationTest -->
