<?xml version="1.0" encoding="UTF-8"?>
<!-- Generated by org.testng.reporters.JUnitReportReporter -->
<testsuite hostname="DESKTOP-5EVK54D" failures="0" tests="1" name="basictest.Options_Request" time="4.486" errors="0" timestamp="2023-06-24T06:49:03 IST" skipped="0">
  <testcase classname="basictest.Options_Request" name="getAllAPI" time="4.486"/>
  <system-out/>
</testsuite> <!-- basictest.Options_Request -->
