<?xml version="1.0" encoding="UTF-8"?>
<!-- Generated by org.testng.reporters.JUnitReportReporter -->
<testsuite hostname="DESKTOP-5EVK54D" failures="0" tests="1" name="multipart.UploadFie" time="5.944" errors="0" timestamp="2023-07-01T05:48:48 IST" skipped="0">
  <testcase classname="multipart.UploadFie" name="uploadImage" time="5.944"/>
  <system-out/>
</testsuite> <!-- multipart.UploadFie -->
