<?xml version="1.0" encoding="UTF-8"?>
<!-- Generated by org.testng.reporters.JUnitReportReporter -->
<testsuite hostname="DESKTOP-5EVK54D" failures="0" tests="1" name="basictest.POST_Request" time="5.102" errors="0" timestamp="2023-06-22T05:29:46 IST" skipped="0">
  <testcase classname="basictest.POST_Request" name="createWorkspaces" time="5.102"/>
  <system-out/>
</testsuite> <!-- basictest.POST_Request -->
