<?xml version="1.0" encoding="UTF-8"?>
<!-- Generated by org.testng.reporters.JUnitReportReporter -->
<testsuite hostname="DESKTOP-5EVK54D" failures="0" tests="1" name="parameters.QueryParamUsingActual" time="4.498" errors="0" timestamp="2023-06-29T09:11:42 IST" skipped="0">
  <testcase classname="parameters.QueryParamUsingActual" name="getUsers" time="4.498"/>
  <system-out/>
</testsuite> <!-- parameters.QueryParamUsingActual -->
