<?xml version="1.0" encoding="UTF-8"?>
<!-- Generated by org.testng.reporters.JUnitReportReporter -->
<testsuite hostname="DESKTOP-5EVK54D" failures="0" tests="1" name="ecom.AddProduct" time="0.409" errors="0" timestamp="2023-04-29T08:04:03 IST" skipped="0">
  <testcase classname="ecom.AddProduct" name="addProductToApp" time="0.409"/>
  <system-out/>
</testsuite> <!-- ecom.AddProduct -->
