<?xml version="1.0" encoding="UTF-8"?>
<!-- Generated by org.testng.reporters.JUnitReportReporter -->
<testsuite hostname="DESKTOP-5EVK54D" failures="0" tests="2" name="com.spotify.oath2.testsframework.PlaylistAllAPIWithReusableCalls" time="5.136" errors="0" timestamp="2023-07-12T06:39:47 IST" skipped="0">
  <testcase classname="com.spotify.oath2.testsframework.PlaylistAllAPIWithReusableCalls" name="createPlayList" time="4.795"/>
  <system-out/>
  <testcase classname="com.spotify.oath2.testsframework.PlaylistAllAPIWithReusableCalls" name="GetAPlaylist" time="0.341"/>
  <system-out/>
</testsuite> <!-- com.spotify.oath2.testsframework.PlaylistAllAPIWithReusableCalls -->
