<?xml version="1.0" encoding="UTF-8"?>
<!-- Generated by org.testng.reporters.JUnitReportReporter -->
<testsuite hostname="DESKTOP-5EVK54D" failures="0" tests="1" name="basics.Get_SingleUser" time="4.348" errors="0" timestamp="2023-04-23T07:17:49 IST" skipped="0">
  <testcase classname="basics.Get_SingleUser" name="getSinfleUserDetails" time="4.348"/>
  <system-out/>
</testsuite> <!-- basics.Get_SingleUser -->
