<?xml version="1.0" encoding="UTF-8"?>
<!-- Generated by org.testng.reporters.JUnitReportReporter -->
<testsuite hostname="DESKTOP-5EVK54D" failures="0" tests="1" name="com.spotify.oath2.tests.CreatePlaylist" time="3.426" errors="1" timestamp="2023-07-11T06:31:00 IST" skipped="0">
  <testcase classname="com.spotify.oath2.tests.CreatePlaylist" name="createPlayList" time="3.426">
    <error message="com.fasterxml.jackson.databind.exc.UnrecognizedPropertyException: Unrecognized field &quot;external_urls&quot; (class com.spotify.oath2.pojo.PlayList), not marked as ignorable (15 known properties: &quot;primaryColor&quot;, &quot;tracks&quot;, &quot;public&quot;, &quot;href&quot;, &quot;uri&quot;, &quot;externalUrls&quot;, &quot;owner&quot;, &quot;collaborative&quot;, &quot;images&quot;, &quot;type&quot;, &quot;id&quot;, &quot;description&quot;, &quot;snapshotId&quot;, &quot;name&quot;, &quot;followers&quot;])
 at [Source: (String)&quot;{
  &quot;collaborative&quot; : false,
  &quot;description&quot; : &quot;collection of Deshbhakti songs&quot;,
  &quot;external_urls&quot; : {
    &quot;spotify&quot; : &quot;https://open.spotify.com/playlist/7I1qTlqDe06s6AEy1OkHRs&quot;
  },
  &quot;followers&quot; : {
    &quot;href&quot; : null,
    &quot;total&quot; : 0
  },
  &quot;href&quot; : &quot;https://api.spotify.com/v1/playlists/7I1qTlqDe06s6AEy1OkHRs&quot;,
  &quot;id&quot; : &quot;7I1qTlqDe06s6AEy1OkHRs&quot;,
  &quot;images&quot; : [ ],
  &quot;name&quot; : &quot;Deshbhakti songs playlist&quot;,
  &quot;owner&quot; : {
    &quot;display_name&quot; : &quot;Gourav Jawale&quot;,
    &quot;external_urls&quot; : {
      &quot;spotify&quot; &quot;[truncated 690 chars]; line: 4, column: 22] (through reference chain: com.spotify.oath2.pojo.PlayList[&quot;external_urls&quot;])" type="java.lang.RuntimeException">
      <![CDATA[java.lang.RuntimeException: com.fasterxml.jackson.databind.exc.UnrecognizedPropertyException: Unrecognized field "external_urls" (class com.spotify.oath2.pojo.PlayList), not marked as ignorable (15 known properties: "primaryColor", "tracks", "public", "href", "uri", "externalUrls", "owner", "collaborative", "images", "type", "id", "description", "snapshotId", "name", "followers"])
 at [Source: (String)"{
  "collaborative" : false,
  "description" : "collection of Deshbhakti songs",
  "external_urls" : {
    "spotify" : "https://open.spotify.com/playlist/7I1qTlqDe06s6AEy1OkHRs"
  },
  "followers" : {
    "href" : null,
    "total" : 0
  },
  "href" : "https://api.spotify.com/v1/playlists/7I1qTlqDe06s6AEy1OkHRs",
  "id" : "7I1qTlqDe06s6AEy1OkHRs",
  "images" : [ ],
  "name" : "Deshbhakti songs playlist",
  "owner" : {
    "display_name" : "Gourav Jawale",
    "external_urls" : {
      "spotify" "[truncated 690 chars]; line: 4, column: 22] (through reference chain: com.spotify.oath2.pojo.PlayList["external_urls"])
at io.restassured.internal.path.json.mapping.JsonPathJackson2ObjectDeserializer.deserialize(JsonPathJackson2ObjectDeserializer.java:30)
at io.restassured.path.json.mapping.JsonPathObjectDeserializer$deserialize.call(Unknown Source)
at org.codehaus.groovy.runtime.callsite.CallSiteArray.defaultCall(CallSiteArray.java:45)
at org.codehaus.groovy.runtime.callsite.AbstractCallSite.call(AbstractCallSite.java:125)
at org.codehaus.groovy.runtime.callsite.AbstractCallSite.call(AbstractCallSite.java:139)
at io.restassured.internal.mapping.Jackson2Mapper.deserialize(Jackson2Mapper.groovy:58)
at io.restassured.mapper.ObjectMapper$deserialize$0.call(Unknown Source)
at org.codehaus.groovy.runtime.callsite.CallSiteArray.defaultCall(CallSiteArray.java:45)
at org.codehaus.groovy.runtime.callsite.AbstractCallSite.call(AbstractCallSite.java:125)
at org.codehaus.groovy.runtime.callsite.AbstractCallSite.call(AbstractCallSite.java:139)
at io.restassured.internal.mapping.ObjectMapping.parseWithJackson2(ObjectMapping.groovy:254)
at io.restassured.internal.mapping.ObjectMapping$parseWithJackson2$1.callStatic(Unknown Source)
at org.codehaus.groovy.runtime.callsite.CallSiteArray.defaultCallStatic(CallSiteArray.java:53)
at org.codehaus.groovy.runtime.callsite.AbstractCallSite.callStatic(AbstractCallSite.java:217)
at org.codehaus.groovy.runtime.callsite.AbstractCallSite.callStatic(AbstractCallSite.java:240)
at io.restassured.internal.mapping.ObjectMapping.deserialize(ObjectMapping.groovy:56)
at io.restassured.internal.mapping.ObjectMapping$deserialize$0.call(Unknown Source)
at org.codehaus.groovy.runtime.callsite.CallSiteArray.defaultCall(CallSiteArray.java:45)
at org.codehaus.groovy.runtime.callsite.AbstractCallSite.call(AbstractCallSite.java:125)
at io.restassured.internal.RestAssuredResponseOptionsGroovyImpl.as(RestAssuredResponseOptionsGroovyImpl.groovy:229)
at io.restassured.internal.RestAssuredResponseOptionsImpl.as(RestAssuredResponseOptionsImpl.java:169)
at com.spotify.oath2.tests.CreatePlaylist.createPlayList(CreatePlaylist.java:64)
at java.base/jdk.internal.reflect.NativeMethodAccessorImpl.invoke0(Native Method)
at java.base/jdk.internal.reflect.NativeMethodAccessorImpl.invoke(NativeMethodAccessorImpl.java:77)
at java.base/jdk.internal.reflect.DelegatingMethodAccessorImpl.invoke(DelegatingMethodAccessorImpl.java:43)
at java.base/java.lang.reflect.Method.invoke(Method.java:568)
at org.testng.internal.MethodInvocationHelper.invokeMethod(MethodInvocationHelper.java:133)
at org.testng.internal.TestInvoker.invokeMethod(TestInvoker.java:598)
at org.testng.internal.TestInvoker.invokeTestMethod(TestInvoker.java:173)
at org.testng.internal.MethodRunner.runInSequence(MethodRunner.java:46)
at org.testng.internal.TestInvoker$MethodInvocationAgent.invoke(TestInvoker.java:824)
at org.testng.internal.TestInvoker.invokeTestMethods(TestInvoker.java:146)
at org.testng.internal.TestMethodWorker.invokeTestMethods(TestMethodWorker.java:146)
at org.testng.internal.TestMethodWorker.run(TestMethodWorker.java:128)
at java.base/java.util.ArrayList.forEach(ArrayList.java:1511)
at org.testng.TestRunner.privateRun(TestRunner.java:794)
at org.testng.TestRunner.run(TestRunner.java:596)
at org.testng.SuiteRunner.runTest(SuiteRunner.java:377)
at org.testng.SuiteRunner.runSequentially(SuiteRunner.java:371)
at org.testng.SuiteRunner.privateRun(SuiteRunner.java:332)
at org.testng.SuiteRunner.run(SuiteRunner.java:276)
at org.testng.SuiteRunnerWorker.runSuite(SuiteRunnerWorker.java:53)
at org.testng.SuiteRunnerWorker.run(SuiteRunnerWorker.java:96)
at org.testng.TestNG.runSuitesSequentially(TestNG.java:1212)
at org.testng.TestNG.runSuitesLocally(TestNG.java:1134)
at org.testng.TestNG.runSuites(TestNG.java:1063)
at org.testng.TestNG.run(TestNG.java:1031)
at org.testng.remote.AbstractRemoteTestNG.run(AbstractRemoteTestNG.java:115)
at org.testng.remote.RemoteTestNG.initAndRun(RemoteTestNG.java:251)
at org.testng.remote.RemoteTestNG.main(RemoteTestNG.java:77)
Caused by: com.fasterxml.jackson.databind.exc.UnrecognizedPropertyException: Unrecognized field "external_urls" (class com.spotify.oath2.pojo.PlayList), not marked as ignorable (15 known properties: "primaryColor", "tracks", "public", "href", "uri", "externalUrls", "owner", "collaborative", "images", "type", "id", "description", "snapshotId", "name", "followers"])
 at [Source: (String)"{
  "collaborative" : false,
  "description" : "collection of Deshbhakti songs",
  "external_urls" : {
    "spotify" : "https://open.spotify.com/playlist/7I1qTlqDe06s6AEy1OkHRs"
  },
  "followers" : {
    "href" : null,
    "total" : 0
  },
  "href" : "https://api.spotify.com/v1/playlists/7I1qTlqDe06s6AEy1OkHRs",
  "id" : "7I1qTlqDe06s6AEy1OkHRs",
  "images" : [ ],
  "name" : "Deshbhakti songs playlist",
  "owner" : {
    "display_name" : "Gourav Jawale",
    "external_urls" : {
      "spotify" "[truncated 690 chars]; line: 4, column: 22] (through reference chain: com.spotify.oath2.pojo.PlayList["external_urls"])
at com.fasterxml.jackson.databind.exc.UnrecognizedPropertyException.from(UnrecognizedPropertyException.java:61)
at com.fasterxml.jackson.databind.DeserializationContext.handleUnknownProperty(DeserializationContext.java:1138)
at com.fasterxml.jackson.databind.deser.std.StdDeserializer.handleUnknownProperty(StdDeserializer.java:2224)
at com.fasterxml.jackson.databind.deser.BeanDeserializerBase.handleUnknownProperty(BeanDeserializerBase.java:1709)
at com.fasterxml.jackson.databind.deser.BeanDeserializerBase.handleUnknownVanilla(BeanDeserializerBase.java:1687)
at com.fasterxml.jackson.databind.deser.BeanDeserializer.vanillaDeserialize(BeanDeserializer.java:320)
at com.fasterxml.jackson.databind.deser.BeanDeserializer.deserialize(BeanDeserializer.java:177)
at com.fasterxml.jackson.databind.deser.DefaultDeserializationContext.readRootValue(DefaultDeserializationContext.java:323)
at com.fasterxml.jackson.databind.ObjectMapper._readMapAndClose(ObjectMapper.java:4825)
at com.fasterxml.jackson.databind.ObjectMapper.readValue(ObjectMapper.java:3772)
at io.restassured.internal.path.json.mapping.JsonPathJackson2ObjectDeserializer.deserialize(JsonPathJackson2ObjectDeserializer.java:28)
... 49 more
]]>
    </error>
  </testcase> <!-- createPlayList -->
  <system-out/>
</testsuite> <!-- com.spotify.oath2.tests.CreatePlaylist -->
