<?xml version="1.0" encoding="UTF-8"?>
<!-- Generated by org.testng.reporters.JUnitReportReporter -->
<testsuite hostname="DESKTOP-5EVK54D" failures="0" tests="1" name="basictest.PUT_Reuest" time="5.037" errors="0" timestamp="2023-06-22T05:44:16 IST" skipped="0">
  <testcase classname="basictest.PUT_Reuest" name="updateWorkspaces" time="5.037"/>
  <system-out/>
</testsuite> <!-- basictest.PUT_Reuest -->
