<?xml version="1.0" encoding="UTF-8"?>
<!-- Generated by org.testng.reporters.JUnitReportReporter -->
<testsuite hostname="DESKTOP-5EVK54D" failures="0" tests="1" name="sendrequestoptions.TestPost" time="4.665" errors="0" timestamp="2023-06-28T06:31:26 IST" skipped="0">
  <testcase classname="sendrequestoptions.TestPost" name="createWorkspaces" time="4.665"/>
  <system-out/>
</testsuite> <!-- sendrequestoptions.TestPost -->
