<?xml version="1.0" encoding="UTF-8"?>
<!-- Generated by org.testng.reporters.JUnitReportReporter -->
<testsuite hostname="DESKTOP-5EVK54D" failures="0" tests="2" name="com.spotify.oath2.testsframework.CreatePlaylist" time="5.095" errors="0" timestamp="2023-07-12T06:08:51 IST" skipped="0">
  <testcase classname="com.spotify.oath2.testsframework.CreatePlaylist" name="createPlayList" time="4.625"/>
  <system-out/>
  <testcase classname="com.spotify.oath2.testsframework.CreatePlaylist" name="GetAPlaylist" time="0.470"/>
  <system-out/>
</testsuite> <!-- com.spotify.oath2.testsframework.CreatePlaylist -->
