<?xml version="1.0" encoding="UTF-8"?>
<!-- Generated by org.testng.reporters.JUnitReportReporter -->
<testsuite hostname="DESKTOP-5EVK54D" failures="0" tests="1" name="spotifyapis.PUT_UpdatePlayList" time="3.756" errors="0" timestamp="2023-07-07T06:41:53 IST" skipped="0">
  <testcase classname="spotifyapis.PUT_UpdatePlayList" name="updateAPlayList" time="3.756"/>
  <system-out/>
</testsuite> <!-- spotifyapis.PUT_UpdatePlayList -->
