<?xml version="1.0" encoding="UTF-8"?>
<!-- Generated by org.testng.reporters.JUnitReportReporter -->
<testsuite hostname="DESKTOP-5EVK54D" failures="0" tests="1" name="basics.GetDataFromJson" time="5.960" errors="0" timestamp="2023-04-24T07:19:29 IST" skipped="0">
  <testcase classname="basics.GetDataFromJson" name="getUsers" time="5.960"/>
  <system-out/>
</testsuite> <!-- basics.GetDataFromJson -->
