<?xml version="1.0" encoding="UTF-8"?>
<!-- Generated by org.testng.reporters.JUnitReportReporter -->
<testsuite hostname="DESKTOP-5EVK54D" failures="0" tests="1" name="basics.JsonBody" time="0.485" errors="0" timestamp="2023-07-04T09:44:47 IST" skipped="0">
  <testcase classname="basics.JsonBody" name="compareJSON" time="0.485"/>
  <system-out/>
</testsuite> <!-- basics.JsonBody -->
