<?xml version="1.0" encoding="UTF-8"?>
<!-- Generated by org.testng.reporters.JUnitReportReporter -->
<testsuite hostname="DESKTOP-5EVK54D" failures="0" tests="1" name="multipart.DownloadFile" time="3.898" errors="0" timestamp="2023-07-01T06:06:46 IST" skipped="0">
  <testcase classname="multipart.DownloadFile" name="uploadImage" time="3.898"/>
  <system-out/>
</testsuite> <!-- multipart.DownloadFile -->
