<?xml version="1.0" encoding="UTF-8"?>
<!-- Generated by org.testng.reporters.JUnitReportReporter -->
<testsuite hostname="DESKTOP-5EVK54D" failures="0" tests="1" name="serializationanddeserialization.CreateUser" time="5.341" errors="0" timestamp="2023-07-11T05:40:14 IST" skipped="0">
  <testcase classname="serializationanddeserialization.CreateUser" name="createUserOfApp" time="5.341"/>
  <system-out/>
</testsuite> <!-- serializationanddeserialization.CreateUser -->
