<?xml version="1.0" encoding="UTF-8"?>
<!-- Generated by org.testng.reporters.JUnitReportReporter -->
<testsuite hostname="DESKTOP-5EVK54D" failures="0" tests="1" name="basics.Post_CreateUser" time="6.301" errors="0" timestamp="2023-04-24T07:54:18 IST" skipped="0">
  <testcase classname="basics.Post_CreateUser" name="createUserOfApp" time="6.301"/>
  <system-out/>
</testsuite> <!-- basics.Post_CreateUser -->
