<?xml version="1.0" encoding="UTF-8"?>
<!-- Generated by org.testng.reporters.JUnitReportReporter -->
<testsuite hostname="DESKTOP-5EVK54D" failures="0" tests="1" name="authenticationschemes.Form_Authentication_POST" time="2.075" errors="0" timestamp="2023-07-05T05:35:28 IST" skipped="0">
  <testcase classname="authenticationschemes.Form_Authentication_POST" name="loginToApp" time="2.075"/>
  <system-out/>
</testsuite> <!-- authenticationschemes.Form_Authentication_POST -->
