<?xml version="1.0" encoding="UTF-8"?>
<!-- Generated by org.testng.reporters.JUnitReportReporter -->
<testsuite hostname="DESKTOP-5EVK54D" failures="0" tests="1" name="serializationanddeserialization.ValidateGetWithPojo" time="4.880" errors="0" timestamp="2023-04-28T07:17:35 IST" skipped="0">
  <testcase classname="serializationanddeserialization.ValidateGetWithPojo" name="getUsers" time="4.880"/>
  <system-out/>
</testsuite> <!-- serializationanddeserialization.ValidateGetWithPojo -->
