<?xml version="1.0" encoding="UTF-8"?>
<!-- Generated by org.testng.reporters.JUnitReportReporter -->
<testsuite hostname="DESKTOP-5EVK54D" failures="0" tests="2" name="basics.APIChaining" time="10.089" errors="0" timestamp="2023-04-25T07:38:29 IST" skipped="0">
  <testcase classname="basics.APIChaining" name="createUserOfApp" time="8.668"/>
  <system-out/>
  <testcase classname="basics.APIChaining" name="GetUserDetails" time="1.421"/>
  <system-out/>
</testsuite> <!-- basics.APIChaining -->
